[3/5/2022 21:29:36] [warn]: GET /socket.io/socket.io.js no implementado
[3/5/2022 21:29:50] [warn]: GET /ghfj no implementado
[3/5/2022 21:30:00] [warn]: GET /socket.io/socket.io.js no implementado
[10/5/2022 20:57:18] [warn]: GET /favicon.ico no implementado
[10/5/2022 20:57:24] [warn]: GET /socket.io/socket.io.js no implementado
[10/5/2022 20:57:36] [warn]: POST /api/productos no implementado
[10/5/2022 20:58:36] [warn]: GET /socket.io/socket.io.js no implementado
[10/5/2022 20:59:45] [warn]: GET /socket.io/socket.io.js no implementado
[10/5/2022 20:59:49] [warn]: POST /api/productos no implementado
[10/5/2022 20:59:52] [warn]: GET /socket.io/socket.io.js no implementado
[10/5/2022 21:01:06] [warn]: GET /socket.io/socket.io.js no implementado
[10/5/2022 21:02:30] [warn]: GET /socket.io/socket.io.js no implementado
[10/5/2022 21:08:54] [warn]: GET /socket.io/socket.io.js no implementado
[10/5/2022 21:09:18] [warn]: GET /socket.io/socket.io.js no implementado
[10/5/2022 21:14:24] [warn]: GET /static/socket.io/node_modules/socket.io-client/socket.io.js no implementado
[10/5/2022 21:15:46] [warn]: GET /static/socket.io/node_modules/socket.io-client/socket.io.js no implementado
[10/5/2022 21:23:44] [warn]: GET /socket.io/socket.io.js no implementado
[10/5/2022 21:30:39] [warn]: GET /socket.io/socket.io.js no implementado
[10/5/2022 21:32:32] [warn]: GET /js/main.js no implementado
[10/5/2022 21:32:32] [warn]: GET /socket.io/socket.io.js no implementado
[10/5/2022 21:36:23] [warn]: GET /socket.io/socket.io.js no implementado
[10/5/2022 21:36:24] [warn]: GET /js/main.js no implementado
[10/5/2022 21:37:02] [warn]: GET /js/main.js no implementado
[10/5/2022 21:38:22] [warn]: GET /js/main.js no implementado
[10/5/2022 21:42:44] [warn]: GET /js/main.js no implementado
[10/5/2022 21:42:50] [warn]: POST /api/productos no implementado
[10/5/2022 21:48:20] [warn]: POST /api/productos no implementado
[10/5/2022 21:48:24] [warn]: GET /js/main.js no implementado
[10/5/2022 21:48:25] [warn]: POST /api/productos no implementado
[10/5/2022 21:48:27] [warn]: GET /js/main.js no implementado
[10/5/2022 21:48:44] [warn]: GET /js/main.js no implementado
[10/5/2022 21:48:48] [warn]: GET /js/main.js no implementado
[10/5/2022 21:51:03] [warn]: GET /js/main.js no implementado
[10/5/2022 21:51:13] [warn]: GET /js/main.js no implementado
[10/5/2022 21:51:26] [warn]: GET /js/main.js no implementado
[12/5/2022 16:52:17] [warn]: GET /favicon.ico no implementado
[12/5/2022 16:52:22] [warn]: GET /js/main.js no implementado
[12/5/2022 16:53:17] [warn]: GET /js/main.js no implementado
[12/5/2022 17:01:31] [warn]: GET /js/main.js no implementado
[12/5/2022 17:03:33] [warn]: GET /prueba no implementado
[12/5/2022 17:04:27] [warn]: GET /prueba no implementado
[24/5/2022 19:33:28] [warn]: GET / no implementado
[24/5/2022 19:33:44] [warn]: GET / no implementado
[24/5/2022 19:34:40] [warn]: GET / no implementado
[31/5/2022 22:04:29] [warn]: GET /favicon.ico no implementado
